SF:lib/src/entities/min_max_interval_producers_entity.dart
DA:8,6
DA:13,1
DA:14,3
LF:3
LH:3
end_of_record
SF:lib/src/entities/producer_entity.dart
DA:9,6
DA:16,1
DA:17,1
LF:3
LH:3
end_of_record
SF:lib/src/entities/studio_entity.dart
DA:7,8
DA:12,2
DA:13,6
LF:3
LH:3
end_of_record
SF:lib/src/data/dtos/paginable_result_dto.dart
DA:10,1
DA:17,1
DA:22,6
DA:24,1
DA:25,1
DA:26,1
DA:27,2
DA:32,1
DA:35,1
DA:36,1
DA:37,1
DA:38,1
DA:39,5
DA:43,0
DA:44,0
DA:45,0
DA:46,0
DA:47,0
LF:18
LH:13
end_of_record
SF:lib/src/data/dtos/year_dto.dart
DA:5,1
DA:13,1
DA:14,1
DA:15,1
DA:16,1
DA:20,1
DA:21,4
DA:24,1
DA:25,1
DA:26,1
DA:27,1
DA:31,0
DA:32,0
LF:13
LH:11
end_of_record
SF:lib/src/data/dtos/movie_dto.dart
DA:12,1
DA:21,1
DA:22,1
DA:23,1
DA:24,1
DA:25,1
DA:26,2
DA:27,2
DA:28,1
DA:32,0
DA:33,0
DA:34,0
DA:35,0
DA:36,0
DA:37,0
DA:38,0
DA:39,0
DA:43,1
DA:44,1
DA:45,1
DA:46,1
DA:47,1
DA:48,1
DA:49,1
DA:50,1
DA:54,0
DA:55,0
DA:56,0
DA:57,0
DA:58,0
DA:59,0
DA:60,0
DA:61,0
LF:33
LH:17
end_of_record
SF:lib/src/data/dtos/min_max_interval_producers_dto.dart
DA:10,0
DA:15,1
DA:16,0
DA:17,1
DA:18,0
DA:19,0
DA:20,0
DA:21,0
DA:22,0
DA:26,0
DA:27,0
DA:28,0
DA:29,0
DA:33,0
DA:34,0
LF:15
LH:2
end_of_record
SF:lib/src/data/dtos/producer_dto.dart
DA:10,0
DA:17,0
DA:18,0
DA:19,0
DA:20,0
DA:21,0
DA:22,0
DA:26,0
DA:27,0
DA:28,0
DA:29,0
DA:30,0
DA:31,0
DA:35,0
DA:36,0
DA:37,0
DA:38,0
DA:39,0
DA:40,0
LF:19
LH:0
end_of_record
SF:lib/src/entities/movie_entity.dart
DA:11,9
DA:20,3
DA:21,3
DA:22,3
DA:23,3
DA:24,3
DA:25,3
DA:26,3
DA:27,3
LF:9
LH:9
end_of_record
SF:lib/src/entities/paginable_result.dart
DA:9,0
DA:10,0
DA:12,1
DA:19,30
DA:26,2
DA:32,2
DA:33,0
DA:34,2
DA:35,2
DA:36,2
DA:40,3
DA:41,15
LF:12
LH:9
end_of_record
SF:lib/src/data/dtos/studio_dto.dart
DA:8,1
DA:13,1
DA:14,1
DA:15,1
DA:16,1
DA:20,1
DA:21,4
DA:24,1
DA:25,4
DA:28,1
DA:29,1
DA:30,1
DA:31,1
DA:35,0
DA:36,0
LF:15
LH:13
end_of_record
SF:lib/src/entities/year_entity.dart
DA:4,8
DA:12,2
DA:13,6
LF:3
LH:3
end_of_record
SF:lib/src/data/repositories/movie/movie_repository_impl.dart
DA:11,1
DA:12,1
DA:15,1
DA:23,2
DA:25,1
DA:26,1
DA:27,1
DA:28,0
DA:29,0
DA:33,1
DA:34,1
DA:35,2
DA:38,1
DA:39,2
DA:42,1
DA:44,2
LF:16
LH:14
end_of_record
SF:lib/src/data/repositories/producer/producer_repository_impl.dart
DA:12,1
DA:13,1
DA:16,1
DA:19,1
DA:20,3
DA:22,1
DA:26,1
DA:27,1
DA:31,0
DA:33,0
DA:35,2
LF:11
LH:9
end_of_record
SF:lib/src/entities/failure_entity.dart
DA:4,5
DA:6,0
DA:7,0
LF:3
LH:1
end_of_record
SF:lib/src/data/repositories/studio/studio_repository_impl.dart
DA:12,1
DA:13,1
DA:16,1
DA:19,1
DA:20,3
DA:22,1
DA:27,2
DA:30,1
DA:32,1
DA:34,2
LF:10
LH:10
end_of_record
SF:lib/src/data/repositories/year/year_repository_impl.dart
DA:13,1
DA:14,1
DA:17,1
DA:20,1
DA:21,3
DA:23,1
DA:28,1
DA:29,4
DA:33,1
DA:35,1
DA:37,2
LF:11
LH:11
end_of_record
SF:lib/src/infra/http/safe_request.dart
DA:8,3
DA:15,3
DA:16,3
DA:19,4
DA:22,3
DA:27,4
DA:28,2
DA:32,1
DA:36,3
DA:37,0
DA:38,0
DA:39,0
DA:40,0
DA:41,0
DA:45,0
DA:46,0
DA:47,0
DA:50,0
DA:51,0
DA:52,0
DA:53,0
DA:56,0
DA:57,3
DA:58,3
DA:60,0
LF:25
LH:11
end_of_record
SF:lib/src/entities/void_entity.dart
DA:2,12
LF:1
LH:1
end_of_record
SF:lib/src/entities/exeception_entity.dart
DA:6,0
DA:20,0
DA:24,3
LF:3
LH:1
end_of_record
SF:lib/src/features/dashboard/cubit/dashboard_cubit.dart
DA:12,1
DA:17,2
DA:18,1
DA:19,1
DA:20,1
DA:21,1
DA:24,1
DA:25,2
DA:27,2
DA:28,2
DA:29,2
DA:31,1
DA:32,0
DA:33,3
DA:36,1
DA:37,0
DA:38,3
DA:41,1
DA:42,0
DA:43,3
DA:47,1
DA:48,2
DA:50,2
DA:55,1
DA:56,0
DA:57,3
LF:26
LH:22
end_of_record
SF:lib/src/features/dashboard/cubit/dashboard_state.dart
DA:5,1
DA:6,1
DA:16,2
DA:18,1
DA:19,2
DA:25,0
DA:27,0
DA:28,0
DA:34,2
DA:36,1
DA:37,2
DA:43,2
DA:45,1
DA:46,2
DA:54,1
DA:56,1
DA:57,2
LF:17
LH:14
end_of_record
SF:lib/src/infra/http/http_client_impl.dart
DA:8,1
DA:9,1
DA:10,3
DA:11,3
DA:12,3
DA:13,4
DA:25,1
DA:31,2
DA:35,1
DA:36,1
DA:37,1
DA:38,1
DA:39,2
DA:40,2
DA:41,2
LF:15
LH:15
end_of_record
SF:lib/src/features/dashboard/dashboard_page.dart
DA:10,8
DA:12,2
DA:13,2
DA:20,2
DA:22,4
DA:23,2
DA:26,2
DA:28,2
DA:29,2
DA:32,2
DA:33,4
DA:34,2
DA:35,2
DA:36,6
DA:37,2
DA:38,2
DA:42,4
DA:50,0
DA:51,0
DA:52,0
DA:53,0
LF:21
LH:17
end_of_record
SF:lib/src/features/movies/cubit/movies_state.dart
DA:5,1
DA:6,1
DA:16,1
DA:18,1
DA:19,2
DA:25,2
DA:27,1
DA:28,2
DA:34,1
DA:36,1
DA:37,2
LF:11
LH:11
end_of_record
SF:lib/src/config/injection/injection.dart
DA:6,9
DA:8,0
DA:10,0
LF:3
LH:1
end_of_record
SF:lib/src/config/routes/routes.dart
DA:6,0
DA:7,0
DA:8,0
DA:11,0
DA:12,0
DA:13,0
DA:16,0
DA:17,0
DA:19,0
DA:20,0
DA:21,0
DA:27,0
DA:29,0
DA:30,0
DA:37,0
DA:38,0
LF:16
LH:0
end_of_record
SF:lib/src/config/theme/theme.dart
DA:7,24
DA:18,6
LF:2
LH:2
end_of_record
SF:lib/src/config/theme/text_theme.dart
DA:4,30
DA:5,6
DA:7,6
DA:10,6
DA:12,6
DA:16,6
DA:18,6
DA:22,6
DA:24,6
DA:28,6
DA:30,6
DA:34,6
DA:36,6
DA:39,6
DA:41,6
DA:45,6
DA:47,6
DA:51,6
DA:53,6
DA:57,6
DA:59,6
DA:62,6
DA:64,6
LF:23
LH:23
end_of_record
SF:lib/src/features/dashboard/widgets/dashboard_panel.dart
DA:6,5
DA:21,5
DA:23,5
DA:24,5
DA:26,10
DA:28,5
DA:30,5
DA:31,5
DA:32,10
DA:33,5
DA:34,5
DA:35,5
DA:36,5
DA:37,5
DA:38,5
DA:40,5
DA:41,5
DA:42,5
DA:43,5
DA:44,10
DA:50,5
DA:51,5
DA:52,2
DA:53,6
DA:54,3
LF:25
LH:25
end_of_record
SF:lib/src/features/dashboard/widgets/min_max_interverval_producers.dart
DA:11,8
DA:13,3
DA:15,3
DA:16,3
DA:17,0
DA:18,0
DA:19,3
DA:20,3
DA:21,1
DA:24,3
DA:25,3
DA:26,3
DA:28,1
DA:29,2
DA:30,1
DA:34,1
DA:36,2
DA:37,1
DA:38,1
DA:39,1
DA:41,1
DA:42,1
DA:43,2
DA:44,2
DA:45,1
DA:47,2
DA:48,1
DA:51,1
DA:54,1
DA:55,1
DA:57,1
DA:58,1
DA:59,2
DA:60,2
DA:61,1
DA:63,2
DA:64,1
DA:67,1
DA:82,1
DA:83,1
DA:84,4
DA:86,1
DA:88,1
DA:89,1
DA:90,1
DA:91,1
DA:93,1
DA:94,1
DA:95,1
DA:96,1
DA:98,1
DA:99,1
DA:100,1
DA:101,1
DA:103,1
DA:104,1
DA:105,1
DA:106,1
DA:110,1
DA:111,1
DA:113,1
DA:114,1
DA:115,1
DA:116,1
DA:118,1
DA:119,1
DA:120,1
DA:121,1
LF:68
LH:66
end_of_record
SF:lib/src/features/dashboard/widgets/producer_card.dart
DA:8,1
DA:12,1
DA:14,1
DA:15,1
DA:16,1
DA:17,2
DA:18,1
DA:19,2
DA:20,2
DA:22,1
DA:24,1
DA:25,1
DA:27,3
DA:28,2
DA:31,1
DA:32,1
DA:33,2
DA:34,3
DA:40,1
DA:41,1
DA:43,3
DA:45,1
DA:47,3
DA:49,1
DA:51,3
LF:25
LH:25
end_of_record
SF:lib/src/features/dashboard/widgets/result_value.dart
DA:5,3
DA:14,3
DA:16,3
DA:17,3
DA:18,3
DA:19,3
DA:20,6
DA:22,3
DA:23,3
DA:24,3
DA:25,9
LF:11
LH:11
end_of_record
SF:lib/src/features/dashboard/widgets/studio_card.dart
DA:9,1
DA:13,1
DA:15,1
DA:16,1
DA:18,2
DA:19,1
DA:20,2
DA:21,2
DA:23,1
DA:25,1
DA:26,1
DA:28,3
DA:29,2
DA:32,1
DA:33,1
DA:34,2
DA:35,3
DA:41,1
DA:42,1
DA:44,3
LF:20
LH:20
end_of_record
SF:lib/src/features/dashboard/widgets/studios_with_wins.dart
DA:12,8
DA:14,3
DA:16,3
DA:17,3
DA:18,0
DA:19,0
DA:20,3
DA:21,3
DA:22,1
DA:25,3
DA:26,1
DA:27,5
DA:28,2
DA:30,1
DA:31,2
DA:32,1
DA:36,1
DA:37,1
DA:38,1
DA:40,2
DA:42,2
DA:43,1
DA:44,1
DA:45,1
DA:47,1
DA:60,1
DA:61,1
DA:62,4
DA:64,1
DA:66,1
DA:67,1
DA:68,1
DA:69,1
DA:71,1
DA:72,1
DA:73,1
DA:74,1
DA:75,1
DA:76,1
DA:78,1
DA:79,1
DA:80,1
DA:81,1
LF:43
LH:41
end_of_record
SF:lib/src/features/dashboard/widgets/winner_movies_by_year_panel.dart
DA:10,2
DA:14,2
DA:15,2
DA:19,2
DA:21,2
DA:23,2
DA:24,4
DA:25,2
DA:30,2
DA:32,2
DA:33,2
DA:34,0
DA:36,2
DA:37,2
DA:39,0
DA:40,0
DA:41,0
DA:44,0
DA:45,0
DA:46,0
DA:47,2
DA:48,2
DA:52,2
DA:53,0
DA:54,0
DA:55,0
DA:57,0
DA:62,0
DA:65,0
DA:66,0
DA:67,0
DA:68,0
DA:70,0
LF:33
LH:16
end_of_record
SF:lib/src/features/dashboard/widgets/year_with_winners.dart
DA:11,8
DA:13,3
DA:15,3
DA:16,3
DA:17,3
DA:18,3
DA:19,3
DA:20,1
DA:23,3
DA:24,1
DA:28,1
DA:29,1
DA:30,1
DA:32,2
DA:34,2
DA:35,2
DA:36,1
DA:37,2
DA:39,1
DA:51,0
DA:52,0
DA:53,0
DA:54,0
DA:56,1
DA:57,1
DA:58,2
DA:60,1
DA:62,1
DA:63,1
DA:64,1
DA:65,1
DA:67,1
DA:68,1
DA:69,1
DA:70,1
DA:71,1
DA:72,1
DA:74,1
DA:75,1
DA:76,1
DA:77,1
LF:41
LH:37
end_of_record
SF:lib/src/features/dashboard/widgets/year_card.dart
DA:9,1
DA:13,1
DA:15,1
DA:16,1
DA:17,1
DA:18,2
DA:19,1
DA:20,2
DA:21,2
DA:23,1
DA:25,1
DA:26,1
DA:28,3
DA:29,2
DA:32,1
DA:33,1
DA:34,3
DA:35,2
DA:37,1
DA:38,1
DA:40,3
LF:21
LH:21
end_of_record
SF:lib/src/features/main/main_page.dart
DA:7,8
DA:9,1
DA:10,1
DA:17,1
DA:19,1
DA:20,1
DA:21,1
DA:28,1
DA:29,1
DA:30,1
DA:31,1
DA:32,1
DA:34,1
DA:51,1
DA:52,3
DA:53,2
LF:16
LH:16
end_of_record
SF:lib/src/features/movies/movies_page.dart
DA:11,8
DA:13,2
DA:14,2
DA:22,2
DA:24,4
DA:26,4
DA:27,0
DA:28,0
DA:29,0
DA:33,2
DA:36,2
DA:38,2
DA:39,2
DA:40,6
DA:41,2
DA:42,2
DA:43,4
DA:44,2
DA:48,2
DA:49,2
DA:50,2
DA:51,2
DA:52,0
DA:53,2
DA:54,2
DA:55,0
DA:57,0
DA:58,0
DA:59,0
DA:60,0
DA:61,0
DA:62,0
DA:64,0
DA:69,2
DA:70,1
DA:72,1
DA:73,2
DA:74,1
DA:75,1
DA:76,1
DA:77,1
DA:79,3
DA:80,1
DA:81,1
DA:83,2
DA:86,3
DA:87,1
DA:88,1
DA:89,0
DA:90,1
DA:91,1
DA:92,2
DA:107,1
DA:108,1
DA:109,1
DA:110,1
DA:111,2
DA:116,2
DA:117,1
DA:118,2
DA:119,4
DA:120,2
DA:126,0
DA:127,0
DA:128,0
DA:129,0
DA:133,0
DA:134,0
DA:135,0
DA:136,0
DA:140,0
DA:141,0
DA:142,0
DA:143,0
LF:74
LH:49
end_of_record
SF:lib/src/features/movies/cubit/movies_cubit.dart
DA:12,1
DA:14,2
DA:15,1
DA:26,1
DA:32,1
DA:36,3
DA:38,2
DA:39,2
DA:42,2
DA:43,3
DA:48,1
DA:49,3
DA:50,1
DA:52,2
DA:53,4
DA:56,4
DA:57,0
DA:60,3
DA:65,1
DA:66,1
DA:67,2
LF:21
LH:20
end_of_record
SF:lib/src/features/movies/widgets/active_filters.dart
DA:7,1
DA:18,1
DA:20,1
DA:21,2
DA:22,1
DA:23,1
DA:24,2
DA:25,1
DA:27,1
DA:28,3
DA:29,3
DA:30,2
DA:34,1
DA:35,2
DA:36,2
DA:39,2
DA:40,0
DA:41,0
DA:42,0
DA:44,0
DA:46,0
DA:47,0
DA:51,0
DA:52,0
DA:53,0
LF:25
LH:16
end_of_record
SF:lib/src/features/movies/widgets/filters_dialog.dart
DA:8,4
DA:9,3
DA:11,8
DA:16,0
DA:20,0
DA:21,0
DA:22,0
DA:28,1
DA:32,1
DA:33,1
DA:40,1
DA:42,2
DA:43,4
DA:44,4
DA:47,1
DA:50,1
DA:52,1
DA:53,1
DA:55,2
DA:57,1
DA:60,1
DA:61,1
DA:63,2
DA:65,1
DA:66,1
DA:67,4
DA:69,1
DA:70,1
DA:71,1
DA:72,1
DA:73,1
DA:75,2
DA:78,1
DA:79,1
DA:80,1
DA:81,0
DA:87,1
DA:88,1
DA:89,0
DA:90,0
DA:94,1
DA:95,1
DA:96,3
DA:97,1
DA:98,1
DA:104,2
LF:46
LH:39
end_of_record
SF:lib/src/features/movies/widgets/movies_list.dart
DA:10,1
DA:19,1
DA:21,1
DA:22,1
DA:23,1
DA:24,1
DA:25,2
DA:26,2
DA:27,1
DA:28,2
DA:29,1
DA:30,1
DA:34,1
DA:35,1
DA:38,1
DA:43,1
DA:45,3
DA:48,0
DA:49,0
DA:52,0
DA:53,0
DA:54,0
DA:55,0
DA:56,0
DA:58,0
DA:59,0
DA:60,0
DA:66,0
DA:67,0
DA:68,0
LF:30
LH:17
end_of_record
SF:lib/src/features/movies/widgets/movies_list_skeleton.dart
DA:6,7
DA:8,0
DA:10,0
DA:11,0
DA:12,0
DA:14,0
DA:15,0
DA:16,0
DA:17,0
DA:18,0
DA:19,0
DA:20,0
DA:21,0
DA:22,0
DA:23,0
DA:24,0
LF:16
LH:1
end_of_record
SF:lib/src/shared/widgets/movie_card.dart
DA:7,1
DA:11,1
DA:13,1
DA:14,2
DA:15,1
DA:16,2
DA:17,2
DA:19,1
DA:21,1
DA:22,1
DA:23,1
DA:25,1
DA:26,1
DA:27,5
DA:28,3
DA:29,2
DA:33,1
DA:34,1
DA:35,1
DA:36,1
DA:37,3
DA:38,2
DA:40,1
DA:41,1
DA:42,1
DA:43,4
DA:44,2
DA:54,2
DA:55,1
DA:58,1
LF:30
LH:30
end_of_record
SF:lib/src/shared/extensions/context.dart
DA:4,12
DA:5,18
DA:6,0
DA:7,0
LF:4
LH:2
end_of_record
SF:lib/src/shared/extensions/string.dart
DA:2,0
DA:5,0
DA:6,0
LF:3
LH:0
end_of_record
SF:lib/src/shared/extensions/num.dart
DA:5,24
DA:6,24
LF:2
LH:2
end_of_record
SF:lib/src/shared/widgets/skeleton.dart
DA:11,3
DA:19,3
DA:21,3
DA:22,3
DA:23,3
DA:24,6
DA:27,3
DA:28,3
DA:29,3
DA:30,3
DA:31,6
DA:32,6
LF:12
LH:12
end_of_record
SF:lib/src/shared/widgets/years_dropdown.dart
DA:4,3
DA:13,3
DA:14,3
DA:21,3
DA:23,6
DA:24,6
DA:25,6
DA:28,6
DA:30,9
DA:31,0
DA:33,9
DA:36,3
DA:39,3
DA:41,3
DA:42,12
DA:43,3
DA:46,9
DA:48,3
DA:49,1
DA:50,3
DA:51,3
DA:53,3
LF:22
LH:21
end_of_record
